<?xml version="1.0" encoding="UTF-8" standalone="no"?>
<window xmlns="http://jmix.io/schema/ui/window"
        xmlns:c="http://jmix.io/schema/ui/jpql-condition"
        caption="msg://testSfEntityBrowse.caption"
        focusComponent="testSfEntitiesTable">
    <data readOnly="true">
        <collection id="testSfEntitiesDc"
                    class="com.company.snowflake.entity.TestSfEntity">
            <fetchPlan extends="_base"/>
            <loader id="testSfEntitiesDl">
                <query>
                    <![CDATA[select e from TestSfEntity e]]>
                </query>
            </loader>
        </collection>
    </data>
    <facets>
        <dataLoadCoordinator auto="true"/>
        <screenSettings id="settingsFacet" auto="true"/>
    </facets>
    <actions>
        <action id="lookupSelectAction"
                caption="msg:///actions.Select"
                icon="LOOKUP_OK"
                primary="true"
                shortcut="${COMMIT_SHORTCUT}"/>
        <action id="lookupCancelAction"
                caption="msg:///actions.Cancel"
                icon="LOOKUP_CANCEL"/>
    </actions>
    <dialogMode height="600"
                width="800"/>
    <layout expand="testSfEntitiesTable" spacing="true">
        <filter id="filter"
                dataLoader="testSfEntitiesDl">
            <properties include=".*"/>
        </filter>
        <groupTable id="testSfEntitiesTable"
                    width="100%"
                    dataContainer="testSfEntitiesDc">
            <actions>
                <action id="create" type="create"/>
                <action id="edit" type="edit"/>
                <action id="remove" type="remove"/>
                <action id="refresh" type="refresh"/>
            </actions>
            <columns>
                <column id="intValue"/>
                <column id="decimalValue"/>
                <column id="textValue"/>
            </columns>
            <simplePagination/>
            <buttonsPanel id="buttonsPanel"
                          alwaysVisible="true">
                <button id="createBtn" action="testSfEntitiesTable.create"/>
                <button id="editBtn" action="testSfEntitiesTable.edit"/>
                <button id="removeBtn" action="testSfEntitiesTable.remove"/>
                <button id="refreshBtn" action="testSfEntitiesTable.refresh"/>
            </buttonsPanel>
        </groupTable>
        <hbox id="lookupActions" spacing="true" visible="false">
            <button action="lookupSelectAction"/>
            <button action="lookupCancelAction"/>
        </hbox>
    </layout>
</window>
